# JRE version: OpenJDK Runtime Environment (8.0_112-b06) (build 1.8.0_112-release-b06)
# Java VM: OpenJDK 64-Bit Server VM (25.112-b06 mixed mode windows-amd64 compressed oops)
Heap:
 PSYoungGen      total 407040K, used 49199K [0x00000000e0000000, 0x0000000100000000, 0x0000000100000000)
  eden space 289792K, 9% used [0x00000000e0000000,0x00000000e1beeac0,0x00000000f1b00000)
  from space 117248K, 17% used [0x00000000f1b00000,0x00000000f2f1d380,0x00000000f8d80000)
  to   space 115712K, 0% used [0x00000000f8f00000,0x00000000f8f00000,0x0000000100000000)
 ParOldGen       total 556544K, used 439119K [0x00000000a0000000, 0x00000000c1f80000, 0x00000000e0000000)
  object space 556544K, 78% used [0x00000000a0000000,0x00000000bacd3d18,0x00000000c1f80000)
 Metaspace       used 64391K, capacity 66606K, committed 66816K, reserved 1107968K
  class space    used 8174K, capacity 8642K, committed 8704K, reserved 1048576K
GC Heap History (10 events):
Event: 70.581 GC heap before
{Heap before GC invocations=41 (full 12):
 PSYoungGen      total 422912K, used 321536K [0x00000000e0000000, 0x0000000100000000, 0x0000000100000000)
  eden space 321536K, 100% used [0x00000000e0000000,0x00000000f3a00000,0x00000000f3a00000)
  from space 101376K, 0% used [0x00000000f3a00000,0x00000000f3a00000,0x00000000f9d00000)
  to   space 101376K, 0% used [0x00000000f9d00000,0x00000000f9d00000,0x0000000100000000)
 ParOldGen       total 556544K, used 556164K [0x00000000a0000000, 0x00000000c1f80000, 0x00000000e0000000)
  object space 556544K, 99% used [0x00000000a0000000,0x00000000c1f21090,0x00000000c1f80000)
 Metaspace       used 55028K, capacity 56814K, committed 57088K, reserved 1099776K
  class space    used 7207K, capacity 7616K, committed 7680K, reserved 1048576K
Event: 75.527 GC heap after
Heap after GC invocations=41 (full 12):
 PSYoungGen      total 422912K, used 202992K [0x00000000e0000000, 0x0000000100000000, 0x0000000100000000)
  eden space 321536K, 63% used [0x00000000e0000000,0x00000000ec63c2e0,0x00000000f3a00000)
  from space 101376K, 0% used [0x00000000f3a00000,0x00000000f3a00000,0x00000000f9d00000)
  to   space 101376K, 0% used [0x00000000f9d00000,0x00000000f9d00000,0x0000000100000000)
 ParOldGen       total 556544K, used 556130K [0x00000000a0000000, 0x00000000c1f80000, 0x00000000e0000000)
  object space 556544K, 99% used [0x00000000a0000000,0x00000000c1f18b18,0x00000000c1f80000)
 Metaspace       used 55028K, capacity 56814K, committed 57088K, reserved 1099776K
  class space    used 7207K, capacity 7616K, committed 7680K, reserved 1048576K
}
Event: 77.513 GC heap before
{Heap before GC invocations=42 (full 13):
 PSYoungGen      total 422912K, used 321536K [0x00000000e0000000, 0x0000000100000000, 0x0000000100000000)
  eden space 321536K, 100% used [0x00000000e0000000,0x00000000f3a00000,0x00000000f3a00000)
  from space 101376K, 0% used [0x00000000f3a00000,0x00000000f3a00000,0x00000000f9d00000)
  to   space 101376K, 0% used [0x00000000f9d00000,0x00000000f9d00000,0x0000000100000000)
 ParOldGen       total 556544K, used 556130K [0x00000000a0000000, 0x00000000c1f80000, 0x00000000e0000000)
  object space 556544K, 99% used [0x00000000a0000000,0x00000000c1f18b18,0x00000000c1f80000)
 Metaspace       used 55432K, capacity 57198K, committed 57344K, reserved 1099776K
  class space    used 7223K, capacity 7616K, committed 7680K, reserved 1048576K
Event: 82.470 GC heap after
Heap after GC invocations=42 (full 13):
 PSYoungGen      total 422912K, used 161031K [0x00000000e0000000, 0x0000000100000000, 0x0000000100000000)
  eden space 321536K, 50% used [0x00000000e0000000,0x00000000e9d41d10,0x00000000f3a00000)
  from space 101376K, 0% used [0x00000000f3a00000,0x00000000f3a00000,0x00000000f9d00000)
  to   space 101376K, 0% used [0x00000000f9d00000,0x00000000f9d00000,0x0000000100000000)
 ParOldGen       total 556544K, used 556362K [0x00000000a0000000, 0x00000000c1f80000, 0x00000000e0000000)
  object space 556544K, 99% used [0x00000000a0000000,0x00000000c1f52b38,0x00000000c1f80000)
 Metaspace       used 55432K, capacity 57198K, committed 57344K, reserved 1099776K
  class space    used 7223K, capacity 7616K, committed 7680K, reserved 1048576K
}
Event: 84.099 GC heap before
{Heap before GC invocations=43 (full 14):
 PSYoungGen      total 422912K, used 321536K [0x00000000e0000000, 0x0000000100000000, 0x0000000100000000)
  eden space 321536K, 100% used [0x00000000e0000000,0x00000000f3a00000,0x00000000f3a00000)
  from space 101376K, 0% used [0x00000000f3a00000,0x00000000f3a00000,0x00000000f9d00000)
  to   space 101376K, 0% used [0x00000000f9d00000,0x00000000f9d00000,0x0000000100000000)
 ParOldGen       total 556544K, used 556362K [0x00000000a0000000, 0x00000000c1f80000, 0x00000000e0000000)
  object space 556544K, 99% used [0x00000000a0000000,0x00000000c1f52b38,0x00000000c1f80000)
 Metaspace       used 55441K, capacity 57198K, committed 57344K, reserved 1099776K
  class space    used 7224K, capacity 7616K, committed 7680K, reserved 1048576K
Event: 87.182 GC heap after
Heap after GC invocations=43 (full 14):
 PSYoungGen      total 422912K, used 0K [0x00000000e0000000, 0x0000000100000000, 0x0000000100000000)
  eden space 321536K, 0% used [0x00000000e0000000,0x00000000e0000000,0x00000000f3a00000)
  from space 101376K, 0% used [0x00000000f3a00000,0x00000000f3a00000,0x00000000f9d00000)
  to   space 101376K, 0% used [0x00000000f9d00000,0x00000000f9d00000,0x0000000100000000)
 ParOldGen       total 556544K, used 439103K [0x00000000a0000000, 0x00000000c1f80000, 0x00000000e0000000)
  object space 556544K, 78% used [0x00000000a0000000,0x00000000baccfd18,0x00000000c1f80000)
 Metaspace       used 55441K, capacity 57198K, committed 57344K, reserved 1099776K
  class space    used 7224K, capacity 7616K, committed 7680K, reserved 1048576K
}
Event: 90.854 GC heap before
{Heap before GC invocations=44 (full 14):
 PSYoungGen      total 422912K, used 321536K [0x00000000e0000000, 0x0000000100000000, 0x0000000100000000)
  eden space 321536K, 100% used [0x00000000e0000000,0x00000000f3a00000,0x00000000f3a00000)
  from space 101376K, 0% used [0x00000000f3a00000,0x00000000f3a00000,0x00000000f9d00000)
  to   space 101376K, 0% used [0x00000000f9d00000,0x00000000f9d00000,0x0000000100000000)
 ParOldGen       total 556544K, used 439103K [0x00000000a0000000, 0x00000000c1f80000, 0x00000000e0000000)
  object space 556544K, 78% used [0x00000000a0000000,0x00000000baccfd18,0x00000000c1f80000)
 Metaspace       used 59076K, capacity 60984K, committed 61056K, reserved 1101824K
  class space    used 7628K, capacity 8037K, committed 8064K, reserved 1048576K
Event: 90.877 GC heap after
Heap after GC invocations=44 (full 14):
 PSYoungGen      total 391168K, used 23081K [0x00000000e0000000, 0x0000000100000000, 0x0000000100000000)
  eden space 289792K, 0% used [0x00000000e0000000,0x00000000e0000000,0x00000000f1b00000)
  from space 101376K, 22% used [0x00000000f9d00000,0x00000000fb38a538,0x0000000100000000)
  to   space 117248K, 0% used [0x00000000f1b00000,0x00000000f1b00000,0x00000000f8d80000)
 ParOldGen       total 556544K, used 439111K [0x00000000a0000000, 0x00000000c1f80000, 0x00000000e0000000)
  object space 556544K, 78% used [0x00000000a0000000,0x00000000bacd1d18,0x00000000c1f80000)
 Metaspace       used 59076K, capacity 60984K, committed 61056K, reserved 1101824K
  class space    used 7628K, capacity 8037K, committed 8064K, reserved 1048576K
}
Event: 475.740 GC heap before
{Heap before GC invocations=45 (full 14):
 PSYoungGen      total 391168K, used 312873K [0x00000000e0000000, 0x0000000100000000, 0x0000000100000000)
  eden space 289792K, 100% used [0x00000000e0000000,0x00000000f1b00000,0x00000000f1b00000)
  from space 101376K, 22% used [0x00000000f9d00000,0x00000000fb38a538,0x0000000100000000)
  to   space 117248K, 0% used [0x00000000f1b00000,0x00000000f1b00000,0x00000000f8d80000)
 ParOldGen       total 556544K, used 439111K [0x00000000a0000000, 0x00000000c1f80000, 0x00000000e0000000)
  object space 556544K, 78% used [0x00000000a0000000,0x00000000bacd1d18,0x00000000c1f80000)
 Metaspace       used 64350K, capacity 66606K, committed 66816K, reserved 1107968K
  class space    used 8174K, capacity 8642K, committed 8704K, reserved 1048576K
Event: 475.788 GC heap after
Heap after GC invocations=45 (full 14):
 PSYoungGen      total 407040K, used 20596K [0x00000000e0000000, 0x0000000100000000, 0x0000000100000000)
  eden space 289792K, 0% used [0x00000000e0000000,0x00000000e0000000,0x00000000f1b00000)
  from space 117248K, 17% used [0x00000000f1b00000,0x00000000f2f1d380,0x00000000f8d80000)
  to   space 115712K, 0% used [0x00000000f8f00000,0x00000000f8f00000,0x0000000100000000)
 ParOldGen       total 556544K, used 439119K [0x00000000a0000000, 0x00000000c1f80000, 0x00000000e0000000)
  object space 556544K, 78% used [0x00000000a0000000,0x00000000bacd3d18,0x00000000c1f80000)
 Metaspace       used 64350K, capacity 66606K, committed 66816K, reserved 1107968K
  class space    used 8174K, capacity 8642K, committed 8704K, reserved 1048576K
}

